<?xml version="1.0" encoding="UTF-8"?>
<!-- Generated by org.testng.reporters.JUnitXMLReporter -->
<testsuite ignored="0" hostname="LAPTOP-D9B72J2S" failures="0" tests="3" name="Default test" time="9.13" errors="0" timestamp="2022-12-26T10:11:32 IST">
  <testcase classname="Screenshots.Capturescreenshots" name="captureAsFile" time="3.65"/>
  <testcase classname="Screenshots.Capturescreenshots" name="captureAsBytes" time="2.621"/>
  <testcase classname="Screenshots.Capturescreenshots" name="captureAsBase64" time="2.816"/>
</testsuite> <!-- Default test -->
